{"G:\\Web\\нетология\\AJS-13\\Lesson 6\\Destructuring\\src\\js\\app.js": {"path":"G:\\Web\\нетология\\AJS-13\\Lesson 6\\Destructuring\\src\\js\\app.js","statementMap":{"0":{"start":{"line":4,"column":2},"end":{"line":19,"column":3}},"1":{"start":{"line":5,"column":19},"end":{"line":5,"column":21}},"2":{"start":{"line":8,"column":8},"end":{"line":8,"column":17}},"3":{"start":{"line":10,"column":4},"end":{"line":17,"column":5}},"4":{"start":{"line":10,"column":17},"end":{"line":10,"column":18}},"5":{"start":{"line":13,"column":10},"end":{"line":13,"column":17}},"6":{"start":{"line":14,"column":6},"end":{"line":16,"column":9}},"7":{"start":{"line":18,"column":4},"end":{"line":18,"column":18}},"8":{"start":{"line":20,"column":2},"end":{"line":20,"column":14}}},"fnMap":{"0":{"name":"chooseAttack","decl":{"start":{"line":3,"column":24},"end":{"line":3,"column":36}},"loc":{"start":{"line":3,"column":48},"end":{"line":21,"column":1}},"line":3}},"branchMap":{"0":{"loc":{"start":{"line":4,"column":2},"end":{"line":19,"column":3}},"type":"if","locations":[{"start":{"line":4,"column":2},"end":{"line":19,"column":3}},{"start":{"line":4,"column":2},"end":{"line":19,"column":3}}],"line":4},"1":{"loc":{"start":{"line":12,"column":24},"end":{"line":12,"column":59}},"type":"default-arg","locations":[{"start":{"line":12,"column":38},"end":{"line":12,"column":59}}],"line":12}},"s":{"0":2,"1":1,"2":1,"3":1,"4":1,"5":2,"6":2,"7":1,"8":1},"f":{"0":2},"b":{"0":[1,1],"1":[1]},"_coverageSchema":"1a1c01bbd47fc00a2c39e90264f33305004495a9","hash":"11572bef10626e7114b4c5495cb0ddf09f282a33"}
}
